Using pre-set license
Built from '2020.3/staging' branch; Version is '2020.3.0f1 (c7b5465681fb) revision 13088070'; Using compiler version '192528614'; Build Type 'Release'
OS: 'Windows 10 Pro; OS build 19042.844; Version 2009; 64bit' Language: 'ko' Physical Memory: 32694 MB
BatchMode: 1, IsHumanControllingUs: 0, StartBugReporterOnCrash: 0, Is64bit: 1, IsPro: 0

 COMMAND LINE ARGUMENTS:
C:\Program Files\Unity\Hub\Editor\2020.3.0f1\Editor\Unity.exe
-adb2
-batchMode
-noUpm
-name
AssetImportWorker0
-projectPath
C:/Users/dongdong/Downloads/VR-Pool-Game-master/Final Project
-logFile
Logs/AssetImportWorker0.log
-srvPort
52179
Successfully changed project path to: C:/Users/dongdong/Downloads/VR-Pool-Game-master/Final Project
C:/Users/dongdong/Downloads/VR-Pool-Game-master/Final Project
Using Asset Import Pipeline V2.
Refreshing native plugins compatible for Editor in 51.38 ms, found 4 plugins.
Preloading 1 native plugins for Editor in 0.86 ms.
Initialize engine version: 2020.3.0f1 (c7b5465681fb)
[Subsystems] Discovering subsystems at path C:/Program Files/Unity/Hub/Editor/2020.3.0f1/Editor/Data/Resources/UnitySubsystems
[Subsystems] Discovering subsystems at path C:/Users/dongdong/Downloads/VR-Pool-Game-master/Final Project/Assets
GfxDevice: creating device client; threaded=0
Direct3D:
    Version:  Direct3D 11.0 [level 11.1]
    Renderer: NVIDIA GeForce RTX 3070 (ID=0x2484)
    Vendor:   
    VRAM:     8043 MB
    Driver:   27.21.14.6172
Shader 'Oculus/OVRMRCameraFrameLit': fallback shader 'Alpha-Diffuse' not found
Initialize mono
Mono path[0] = 'C:/Program Files/Unity/Hub/Editor/2020.3.0f1/Editor/Data/Managed'
Mono path[1] = 'C:/Program Files/Unity/Hub/Editor/2020.3.0f1/Editor/Data/MonoBleedingEdge/lib/mono/unityjit'
Mono config path = 'C:/Program Files/Unity/Hub/Editor/2020.3.0f1/Editor/Data/MonoBleedingEdge/etc'
Using monoOptions --debugger-agent=transport=dt_socket,embedding=1,server=y,suspend=n,address=127.0.0.1:56920
Begin MonoManager ReloadAssembly
Registering precompiled unity dll's ...
Register platform support module: C:/Program Files/Unity/Hub/Editor/2020.3.0f1/Editor/Data/PlaybackEngines/WindowsStandaloneSupport/UnityEditor.WindowsStandalone.Extensions.dll
Registered in 0.001486 seconds.
Native extension for WindowsStandalone target not found
Refreshing native plugins compatible for Editor in 41.77 ms, found 4 plugins.
Preloading 1 native plugins for Editor in 0.07 ms.
Invoked RoslynAnalysisRunner static constructor.
RoslynAnalysisRunner will not be running.
RoslynAnalysisRunner has terminated.
Mono: successfully reloaded assembly
- Completed reload, in  1.504 seconds
Platform modules already initialized, skipping
Registering precompiled user dll's ...
Registered in 0.002278 seconds.
Begin MonoManager ReloadAssembly
Native extension for WindowsStandalone target not found
Refreshing native plugins compatible for Editor in 0.58 ms, found 4 plugins.
Preloading 1 native plugins for Editor in 0.06 ms.
Invoked RoslynAnalysisRunner static constructor.
RoslynAnalysisRunner will not be running.
RoslynAnalysisRunner has terminated.
[XR] OculusXRPlugin: registering subsystems
[XR] Unable to register display lifecyle provider: [1]
[XR] Oculus Input lifecycle provider registered.
[XR] Unable to register input lifecyle provider: [1]
[XR] OVRP version 1.60.0
Mono: successfully reloaded assembly
- Completed reload, in  0.740 seconds
Platform modules already initialized, skipping
========================================================================
Worker process is ready to serve import requests
Shader 'Oculus/OVRMRCameraFrameLit': fallback shader 'Alpha-Diffuse' not found
Launched and connected shader compiler UnityShaderCompiler.exe after 0.03 seconds
Refreshing native plugins compatible for Editor in 0.58 ms, found 4 plugins.
Preloading 1 native plugins for Editor in 0.07 ms.
Unloading 1784 Unused Serialized files (Serialized files now loaded: 0)
System memory in use before: 113.5 MB.
System memory in use after: 113.1 MB.

Unloading 37 unused Assets to reduce memory usage. Loaded Objects now: 2248.
Total: 2.061400 ms (FindLiveObjects: 0.228100 ms CreateObjectMapping: 0.082300 ms MarkObjects: 1.317900 ms  DeleteObjects: 0.431900 ms)

========================================================================
Received Import Request.
  path: Assets/OVRGazePointer.prefab
  artifactKey: Guid(7686e72d61c1eca4db525f62db5339b6) Importer(815301076,1909f56bfc062723c751e8b465ee728b)
Start importing Assets/OVRGazePointer.prefab using Guid(7686e72d61c1eca4db525f62db5339b6) Importer(815301076,1909f56bfc062723c751e8b465ee728b)  -> (artifact id: 'd0fbd802313260ddaa9042a4aa1ce063') in 0.038968 seconds
  Import took 0.041676 seconds .

========================================================================
Received Import Request.
  Time since last request: 5.713166 seconds.
  path: Assets/OVRGazePointer.prefab
  artifactKey: Guid(7686e72d61c1eca4db525f62db5339b6) Importer(815301076,1909f56bfc062723c751e8b465ee728b)
Start importing Assets/OVRGazePointer.prefab using Guid(7686e72d61c1eca4db525f62db5339b6) Importer(815301076,1909f56bfc062723c751e8b465ee728b)  -> (artifact id: '19ac764928d6de182502a3a4d34694f5') in 0.004201 seconds
  Import took 0.006852 seconds .

========================================================================
Received Import Request.
  Time since last request: 2.200021 seconds.
  path: Assets/OVRGazePointer.prefab
  artifactKey: Guid(7686e72d61c1eca4db525f62db5339b6) Importer(815301076,1909f56bfc062723c751e8b465ee728b)
Start importing Assets/OVRGazePointer.prefab using Guid(7686e72d61c1eca4db525f62db5339b6) Importer(815301076,1909f56bfc062723c751e8b465ee728b)  -> (artifact id: '4d9d41b3918d94bc21aea6821b6ff309') in 0.004692 seconds
  Import took 0.007597 seconds .

========================================================================
Received Import Request.
  Time since last request: 1.197837 seconds.
  path: Assets/OVRGazePointer.prefab
  artifactKey: Guid(7686e72d61c1eca4db525f62db5339b6) Importer(815301076,1909f56bfc062723c751e8b465ee728b)
Start importing Assets/OVRGazePointer.prefab using Guid(7686e72d61c1eca4db525f62db5339b6) Importer(815301076,1909f56bfc062723c751e8b465ee728b)  -> (artifact id: '05aa1c51b304461c9f4dc5038dc6ab9e') in 0.047504 seconds
  Import took 0.050144 seconds .

========================================================================
Received Prepare
Registering precompiled user dll's ...
Registered in 0.002480 seconds.
Begin MonoManager ReloadAssembly
Native extension for WindowsStandalone target not found
Refreshing native plugins compatible for Editor in 0.60 ms, found 4 plugins.
Preloading 1 native plugins for Editor in 0.06 ms.
Invoked RoslynAnalysisRunner static constructor.
RoslynAnalysisRunner will not be running.
RoslynAnalysisRunner has terminated.
Mono: successfully reloaded assembly
- Completed reload, in  0.696 seconds
Platform modules already initialized, skipping
Switching build target platform(5) subTarget(0) extendedPlatform(0) -> platform(13) subTarget(524293) extendedPlatform(0)
Shader 'Oculus/OVRMRCameraFrameLit': fallback shader 'Alpha-Diffuse' not found
Refreshing native plugins compatible for Editor in 0.60 ms, found 4 plugins.
Preloading 1 native plugins for Editor in 0.07 ms.
Unloading 1723 Unused Serialized files (Serialized files now loaded: 0)
System memory in use before: 111.6 MB.
System memory in use after: 111.2 MB.

Unloading 33 unused Assets to reduce memory usage. Loaded Objects now: 2260.
Total: 1.944500 ms (FindLiveObjects: 0.205700 ms CreateObjectMapping: 0.063800 ms MarkObjects: 1.326100 ms  DeleteObjects: 0.348000 ms)

AssetImportParameters requested are different than current active one (requested -> active):
  custom:graphics/normal-map-encoding: 01000000000000000000000000000000 -> 02000000000000000000000000000000
========================================================================
Received Prepare
Shader 'Oculus/OVRMRCameraFrameLit': fallback shader 'Alpha-Diffuse' not found
Refreshing native plugins compatible for Editor in 6.44 ms, found 4 plugins.
Preloading 1 native plugins for Editor in 0.05 ms.
Unloading 29 Unused Serialized files (Serialized files now loaded: 0)
System memory in use before: 78.9 MB.
System memory in use after: 78.6 MB.

Unloading 29 unused Assets to reduce memory usage. Loaded Objects now: 2260.
Total: 1.990000 ms (FindLiveObjects: 0.198000 ms CreateObjectMapping: 0.063000 ms MarkObjects: 1.314100 ms  DeleteObjects: 0.413900 ms)

========================================================================
Received Prepare
Registering precompiled user dll's ...
Registered in 0.002291 seconds.
Begin MonoManager ReloadAssembly
Native extension for WindowsStandalone target not found
Refreshing native plugins compatible for Editor in 0.58 ms, found 4 plugins.
Preloading 1 native plugins for Editor in 0.06 ms.
Invoked RoslynAnalysisRunner static constructor.
RoslynAnalysisRunner will not be running.
RoslynAnalysisRunner has terminated.
Mono: successfully reloaded assembly
- Completed reload, in  0.696 seconds
Platform modules already initialized, skipping
Switching build target platform(5) subTarget(0) extendedPlatform(0) -> platform(13) subTarget(524293) extendedPlatform(0)
Shader 'Oculus/OVRMRCameraFrameLit': fallback shader 'Alpha-Diffuse' not found
Refreshing native plugins compatible for Editor in 0.59 ms, found 4 plugins.
Preloading 1 native plugins for Editor in 0.06 ms.
Unloading 1723 Unused Serialized files (Serialized files now loaded: 0)
System memory in use before: 111.6 MB.
System memory in use after: 111.2 MB.

Unloading 33 unused Assets to reduce memory usage. Loaded Objects now: 2264.
Total: 1.966400 ms (FindLiveObjects: 0.173900 ms CreateObjectMapping: 0.057200 ms MarkObjects: 1.357700 ms  DeleteObjects: 0.376600 ms)

AssetImportParameters requested are different than current active one (requested -> active):
  custom:graphics/normal-map-encoding: 01000000000000000000000000000000 -> 02000000000000000000000000000000
========================================================================
Received Prepare
Shader 'Oculus/OVRMRCameraFrameLit': fallback shader 'Alpha-Diffuse' not found
Refreshing native plugins compatible for Editor in 6.41 ms, found 4 plugins.
Preloading 1 native plugins for Editor in 0.05 ms.
Unloading 29 Unused Serialized files (Serialized files now loaded: 0)
System memory in use before: 79.0 MB.
System memory in use after: 78.6 MB.

Unloading 29 unused Assets to reduce memory usage. Loaded Objects now: 2264.
Total: 1.913500 ms (FindLiveObjects: 0.162200 ms CreateObjectMapping: 0.053800 ms MarkObjects: 1.256700 ms  DeleteObjects: 0.439900 ms)

========================================================================
Received Import Request.
  Time since last request: 341.644631 seconds.
  path: Assets/Oculus/SampleFramework/Core/CustomHands/Animations/l_hand_point_anim.fbx
  artifactKey: Guid(7a701167f3382f3469c311bb308142af) Importer(815301076,1909f56bfc062723c751e8b465ee728b)
Start importing Assets/Oculus/SampleFramework/Core/CustomHands/Animations/l_hand_point_anim.fbx using Guid(7a701167f3382f3469c311bb308142af) Importer(815301076,1909f56bfc062723c751e8b465ee728b)  -> (artifact id: '9f3fdbc189a232afb6da2ad151b689a6') in 0.062993 seconds
  Import took 0.065695 seconds .

========================================================================
Received Import Request.
  Time since last request: 0.000208 seconds.
  path: Assets/Oculus/SampleFramework/Core/Locomotion/TeleportPoint.prefab
  artifactKey: Guid(ded1d2e0d283d62428212702b4ed5f3f) Importer(815301076,1909f56bfc062723c751e8b465ee728b)
Start importing Assets/Oculus/SampleFramework/Core/Locomotion/TeleportPoint.prefab using Guid(ded1d2e0d283d62428212702b4ed5f3f) Importer(815301076,1909f56bfc062723c751e8b465ee728b)  -> (artifact id: '0de684f0b428e113e0a88ee4a273b59a') in 0.034316 seconds
  Import took 0.036665 seconds .

========================================================================
Received Import Request.
  Time since last request: 0.000142 seconds.
  path: Assets/Oculus/SampleFramework/Core/CustomHands/Animations/r_hand_point_anim.fbx
  artifactKey: Guid(a00bb4e2a48d6b04f9a9865f78869df2) Importer(815301076,1909f56bfc062723c751e8b465ee728b)
Start importing Assets/Oculus/SampleFramework/Core/CustomHands/Animations/r_hand_point_anim.fbx using Guid(a00bb4e2a48d6b04f9a9865f78869df2) Importer(815301076,1909f56bfc062723c751e8b465ee728b)  -> (artifact id: '0fc0ea51a045d7e91af9b9727fcd3a35') in 0.006928 seconds
  Import took 0.009504 seconds .

========================================================================
Received Prepare
Shader 'Oculus/OVRMRCameraFrameLit': fallback shader 'Alpha-Diffuse' not found
Refreshing native plugins compatible for Editor in 6.48 ms, found 4 plugins.
Preloading 1 native plugins for Editor in 0.06 ms.
Unloading 29 Unused Serialized files (Serialized files now loaded: 0)
System memory in use before: 79.2 MB.
System memory in use after: 78.8 MB.

Unloading 29 unused Assets to reduce memory usage. Loaded Objects now: 2266.
Total: 2.409500 ms (FindLiveObjects: 0.197100 ms CreateObjectMapping: 0.053500 ms MarkObjects: 1.709400 ms  DeleteObjects: 0.448900 ms)

========================================================================
Received Prepare
Registering precompiled user dll's ...
Registered in 0.002360 seconds.
Begin MonoManager ReloadAssembly
Native extension for WindowsStandalone target not found
Refreshing native plugins compatible for Editor in 0.59 ms, found 4 plugins.
Preloading 1 native plugins for Editor in 0.07 ms.
Invoked RoslynAnalysisRunner static constructor.
RoslynAnalysisRunner will not be running.
RoslynAnalysisRunner has terminated.
Mono: successfully reloaded assembly
- Completed reload, in  0.697 seconds
Platform modules already initialized, skipping
Switching build target platform(5) subTarget(0) extendedPlatform(0) -> platform(13) subTarget(524293) extendedPlatform(0)
Shader 'Oculus/OVRMRCameraFrameLit': fallback shader 'Alpha-Diffuse' not found
Refreshing native plugins compatible for Editor in 0.59 ms, found 4 plugins.
Preloading 1 native plugins for Editor in 0.06 ms.
Unloading 1723 Unused Serialized files (Serialized files now loaded: 0)
System memory in use before: 111.7 MB.
System memory in use after: 111.3 MB.

Unloading 33 unused Assets to reduce memory usage. Loaded Objects now: 2270.
Total: 2.298200 ms (FindLiveObjects: 0.192600 ms CreateObjectMapping: 0.060800 ms MarkObjects: 1.541800 ms  DeleteObjects: 0.501600 ms)

AssetImportParameters requested are different than current active one (requested -> active):
  custom:graphics/normal-map-encoding: 01000000000000000000000000000000 -> 02000000000000000000000000000000
========================================================================
Received Prepare
Registering precompiled user dll's ...
Registered in 0.002293 seconds.
Begin MonoManager ReloadAssembly
Native extension for WindowsStandalone target not found
Refreshing native plugins compatible for Editor in 0.59 ms, found 4 plugins.
Preloading 1 native plugins for Editor in 0.06 ms.
Invoked RoslynAnalysisRunner static constructor.
RoslynAnalysisRunner will not be running.
RoslynAnalysisRunner has terminated.
Mono: successfully reloaded assembly
- Completed reload, in  0.733 seconds
Platform modules already initialized, skipping
Switching build target platform(5) subTarget(0) extendedPlatform(0) -> platform(13) subTarget(524293) extendedPlatform(0)
Shader 'Oculus/OVRMRCameraFrameLit': fallback shader 'Alpha-Diffuse' not found
Refreshing native plugins compatible for Editor in 0.59 ms, found 4 plugins.
Preloading 1 native plugins for Editor in 0.06 ms.
Unloading 1723 Unused Serialized files (Serialized files now loaded: 0)
System memory in use before: 111.7 MB.
System memory in use after: 111.3 MB.

Unloading 33 unused Assets to reduce memory usage. Loaded Objects now: 2274.
Total: 1.967000 ms (FindLiveObjects: 0.182200 ms CreateObjectMapping: 0.061500 ms MarkObjects: 1.314900 ms  DeleteObjects: 0.407700 ms)

AssetImportParameters requested are different than current active one (requested -> active):
  custom:graphics/normal-map-encoding: 01000000000000000000000000000000 -> 02000000000000000000000000000000
========================================================================
Received Prepare
Registering precompiled user dll's ...
Registered in 0.003339 seconds.
Begin MonoManager ReloadAssembly
Native extension for WindowsStandalone target not found
Refreshing native plugins compatible for Editor in 0.59 ms, found 4 plugins.
Preloading 1 native plugins for Editor in 0.06 ms.
Invoked RoslynAnalysisRunner static constructor.
RoslynAnalysisRunner will not be running.
RoslynAnalysisRunner has terminated.
Mono: successfully reloaded assembly
- Completed reload, in  0.700 seconds
Platform modules already initialized, skipping
Switching build target platform(5) subTarget(0) extendedPlatform(0) -> platform(13) subTarget(524293) extendedPlatform(0)
Shader 'Oculus/OVRMRCameraFrameLit': fallback shader 'Alpha-Diffuse' not found
Refreshing native plugins compatible for Editor in 0.59 ms, found 4 plugins.
Preloading 1 native plugins for Editor in 0.05 ms.
Unloading 1723 Unused Serialized files (Serialized files now loaded: 0)
System memory in use before: 111.7 MB.
System memory in use after: 111.3 MB.

Unloading 33 unused Assets to reduce memory usage. Loaded Objects now: 2278.
Total: 2.340500 ms (FindLiveObjects: 0.276100 ms CreateObjectMapping: 0.123900 ms MarkObjects: 1.517500 ms  DeleteObjects: 0.422100 ms)

AssetImportParameters requested are different than current active one (requested -> active):
  custom:graphics/normal-map-encoding: 01000000000000000000000000000000 -> 02000000000000000000000000000000
========================================================================
Received Prepare
Shader 'Oculus/OVRMRCameraFrameLit': fallback shader 'Alpha-Diffuse' not found
Refreshing native plugins compatible for Editor in 6.38 ms, found 4 plugins.
Preloading 1 native plugins for Editor in 0.05 ms.
Unloading 29 Unused Serialized files (Serialized files now loaded: 0)
System memory in use before: 79.1 MB.
System memory in use after: 78.7 MB.

Unloading 29 unused Assets to reduce memory usage. Loaded Objects now: 2278.
Total: 1.931000 ms (FindLiveObjects: 0.175400 ms CreateObjectMapping: 0.055000 ms MarkObjects: 1.232300 ms  DeleteObjects: 0.467500 ms)

========================================================================
Received Prepare
Registering precompiled user dll's ...
Registered in 0.002283 seconds.
Begin MonoManager ReloadAssembly
Native extension for WindowsStandalone target not found
Refreshing native plugins compatible for Editor in 0.58 ms, found 4 plugins.
Preloading 1 native plugins for Editor in 0.06 ms.
Invoked RoslynAnalysisRunner static constructor.
RoslynAnalysisRunner will not be running.
RoslynAnalysisRunner has terminated.
Mono: successfully reloaded assembly
- Completed reload, in  0.697 seconds
Platform modules already initialized, skipping
Switching build target platform(5) subTarget(0) extendedPlatform(0) -> platform(13) subTarget(524293) extendedPlatform(0)
Shader 'Oculus/OVRMRCameraFrameLit': fallback shader 'Alpha-Diffuse' not found
Refreshing native plugins compatible for Editor in 0.58 ms, found 4 plugins.
Preloading 1 native plugins for Editor in 0.06 ms.
Unloading 1723 Unused Serialized files (Serialized files now loaded: 0)
System memory in use before: 111.7 MB.
System memory in use after: 111.3 MB.

Unloading 33 unused Assets to reduce memory usage. Loaded Objects now: 2282.
Total: 1.974100 ms (FindLiveObjects: 0.193400 ms CreateObjectMapping: 0.062500 ms MarkObjects: 1.297800 ms  DeleteObjects: 0.419600 ms)

AssetImportParameters requested are different than current active one (requested -> active):
  custom:graphics/normal-map-encoding: 01000000000000000000000000000000 -> 02000000000000000000000000000000
========================================================================
Received Import Request.
  Time since last request: 982.499383 seconds.
  path: Assets/OVRGazePointer.prefab
  artifactKey: Guid(7686e72d61c1eca4db525f62db5339b6) Importer(815301076,1909f56bfc062723c751e8b465ee728b)
Start importing Assets/OVRGazePointer.prefab using Guid(7686e72d61c1eca4db525f62db5339b6) Importer(815301076,1909f56bfc062723c751e8b465ee728b)  -> (artifact id: '3787494e7adf93a232aa5ebb39197432') in 0.042820 seconds
  Import took 0.046020 seconds .

========================================================================
Received Prepare
Registering precompiled user dll's ...
Registered in 0.002341 seconds.
Begin MonoManager ReloadAssembly
Native extension for WindowsStandalone target not found
Refreshing native plugins compatible for Editor in 0.62 ms, found 4 plugins.
Preloading 1 native plugins for Editor in 0.06 ms.
Invoked RoslynAnalysisRunner static constructor.
RoslynAnalysisRunner will not be running.
RoslynAnalysisRunner has terminated.
Mono: successfully reloaded assembly
- Completed reload, in  0.740 seconds
Platform modules already initialized, skipping
Switching build target platform(5) subTarget(0) extendedPlatform(0) -> platform(13) subTarget(524293) extendedPlatform(0)
Shader 'Oculus/OVRMRCameraFrameLit': fallback shader 'Alpha-Diffuse' not found
Refreshing native plugins compatible for Editor in 0.59 ms, found 4 plugins.
Preloading 1 native plugins for Editor in 0.06 ms.
Unloading 1723 Unused Serialized files (Serialized files now loaded: 0)
System memory in use before: 111.7 MB.
System memory in use after: 111.3 MB.

Unloading 33 unused Assets to reduce memory usage. Loaded Objects now: 2287.
Total: 1.927400 ms (FindLiveObjects: 0.199900 ms CreateObjectMapping: 0.062400 ms MarkObjects: 1.257200 ms  DeleteObjects: 0.407300 ms)

AssetImportParameters requested are different than current active one (requested -> active):
  custom:graphics/normal-map-encoding: 01000000000000000000000000000000 -> 02000000000000000000000000000000
========================================================================
Received Prepare
Shader 'Oculus/OVRMRCameraFrameLit': fallback shader 'Alpha-Diffuse' not found
Refreshing native plugins compatible for Editor in 7.16 ms, found 4 plugins.
Preloading 1 native plugins for Editor in 0.06 ms.
Unloading 29 Unused Serialized files (Serialized files now loaded: 0)
System memory in use before: 79.1 MB.
System memory in use after: 78.7 MB.

Unloading 29 unused Assets to reduce memory usage. Loaded Objects now: 2287.
Total: 2.900200 ms (FindLiveObjects: 0.277400 ms CreateObjectMapping: 0.084000 ms MarkObjects: 1.950100 ms  DeleteObjects: 0.587100 ms)

========================================================================
Received Prepare
Registering precompiled user dll's ...
Registered in 0.002410 seconds.
Begin MonoManager ReloadAssembly
Native extension for WindowsStandalone target not found
Refreshing native plugins compatible for Editor in 0.61 ms, found 4 plugins.
Preloading 1 native plugins for Editor in 0.06 ms.
Invoked RoslynAnalysisRunner static constructor.
RoslynAnalysisRunner will not be running.
RoslynAnalysisRunner has terminated.
Mono: successfully reloaded assembly
- Completed reload, in  0.703 seconds
Platform modules already initialized, skipping
Switching build target platform(5) subTarget(0) extendedPlatform(0) -> platform(13) subTarget(524293) extendedPlatform(0)
Shader 'Oculus/OVRMRCameraFrameLit': fallback shader 'Alpha-Diffuse' not found
Refreshing native plugins compatible for Editor in 0.59 ms, found 4 plugins.
Preloading 1 native plugins for Editor in 0.06 ms.
Unloading 1723 Unused Serialized files (Serialized files now loaded: 0)
System memory in use before: 111.7 MB.
System memory in use after: 111.4 MB.

Unloading 33 unused Assets to reduce memory usage. Loaded Objects now: 2291.
Total: 1.859200 ms (FindLiveObjects: 0.169800 ms CreateObjectMapping: 0.050200 ms MarkObjects: 1.231700 ms  DeleteObjects: 0.406600 ms)

AssetImportParameters requested are different than current active one (requested -> active):
  custom:graphics/normal-map-encoding: 01000000000000000000000000000000 -> 02000000000000000000000000000000
========================================================================
Received Prepare
Registering precompiled user dll's ...
Registered in 0.002245 seconds.
Begin MonoManager ReloadAssembly
Native extension for WindowsStandalone target not found
Refreshing native plugins compatible for Editor in 0.63 ms, found 4 plugins.
Preloading 1 native plugins for Editor in 0.07 ms.
Invoked RoslynAnalysisRunner static constructor.
RoslynAnalysisRunner will not be running.
RoslynAnalysisRunner has terminated.
Mono: successfully reloaded assembly
- Completed reload, in  0.748 seconds
Platform modules already initialized, skipping
Switching build target platform(5) subTarget(0) extendedPlatform(0) -> platform(13) subTarget(524293) extendedPlatform(0)
Shader 'Oculus/OVRMRCameraFrameLit': fallback shader 'Alpha-Diffuse' not found
Refreshing native plugins compatible for Editor in 0.57 ms, found 4 plugins.
Preloading 1 native plugins for Editor in 0.05 ms.
Unloading 1723 Unused Serialized files (Serialized files now loaded: 0)
System memory in use before: 111.7 MB.
System memory in use after: 111.4 MB.

Unloading 33 unused Assets to reduce memory usage. Loaded Objects now: 2295.
Total: 2.091800 ms (FindLiveObjects: 0.209800 ms CreateObjectMapping: 0.060600 ms MarkObjects: 1.368200 ms  DeleteObjects: 0.452400 ms)

AssetImportParameters requested are different than current active one (requested -> active):
  custom:graphics/normal-map-encoding: 01000000000000000000000000000000 -> 02000000000000000000000000000000
========================================================================
Received Prepare
Shader 'Oculus/OVRMRCameraFrameLit': fallback shader 'Alpha-Diffuse' not found
Refreshing native plugins compatible for Editor in 6.35 ms, found 4 plugins.
Preloading 1 native plugins for Editor in 0.05 ms.
Unloading 29 Unused Serialized files (Serialized files now loaded: 0)
System memory in use before: 79.1 MB.
System memory in use after: 78.7 MB.

Unloading 29 unused Assets to reduce memory usage. Loaded Objects now: 2295.
Total: 2.120800 ms (FindLiveObjects: 0.186600 ms CreateObjectMapping: 0.065400 ms MarkObjects: 1.359600 ms  DeleteObjects: 0.508200 ms)

========================================================================
Received Prepare
Registering precompiled user dll's ...
Registered in 0.002247 seconds.
Begin MonoManager ReloadAssembly
Native extension for WindowsStandalone target not found
Refreshing native plugins compatible for Editor in 0.59 ms, found 4 plugins.
Preloading 1 native plugins for Editor in 0.06 ms.
Invoked RoslynAnalysisRunner static constructor.
RoslynAnalysisRunner will not be running.
RoslynAnalysisRunner has terminated.
Mono: successfully reloaded assembly
- Completed reload, in  0.705 seconds
Platform modules already initialized, skipping
Switching build target platform(5) subTarget(0) extendedPlatform(0) -> platform(13) subTarget(524293) extendedPlatform(0)
Shader 'Oculus/OVRMRCameraFrameLit': fallback shader 'Alpha-Diffuse' not found
Refreshing native plugins compatible for Editor in 0.58 ms, found 4 plugins.
Preloading 1 native plugins for Editor in 0.06 ms.
Unloading 1723 Unused Serialized files (Serialized files now loaded: 0)
System memory in use before: 111.8 MB.
System memory in use after: 111.4 MB.

Unloading 33 unused Assets to reduce memory usage. Loaded Objects now: 2299.
Total: 1.895100 ms (FindLiveObjects: 0.195000 ms CreateObjectMapping: 0.068300 ms MarkObjects: 1.217900 ms  DeleteObjects: 0.412900 ms)

AssetImportParameters requested are different than current active one (requested -> active):
  custom:graphics/normal-map-encoding: 01000000000000000000000000000000 -> 02000000000000000000000000000000
========================================================================
Received Prepare
Registering precompiled user dll's ...
Registered in 0.002349 seconds.
Begin MonoManager ReloadAssembly
Native extension for WindowsStandalone target not found
Refreshing native plugins compatible for Editor in 0.59 ms, found 4 plugins.
Preloading 1 native plugins for Editor in 0.06 ms.
Invoked RoslynAnalysisRunner static constructor.
RoslynAnalysisRunner will not be running.
RoslynAnalysisRunner has terminated.
Mono: successfully reloaded assembly
- Completed reload, in  0.742 seconds
Platform modules already initialized, skipping
Switching build target platform(5) subTarget(0) extendedPlatform(0) -> platform(13) subTarget(524293) extendedPlatform(0)
Shader 'Oculus/OVRMRCameraFrameLit': fallback shader 'Alpha-Diffuse' not found
Refreshing native plugins compatible for Editor in 0.58 ms, found 4 plugins.
Preloading 1 native plugins for Editor in 0.06 ms.
Unloading 1723 Unused Serialized files (Serialized files now loaded: 0)
System memory in use before: 111.8 MB.
System memory in use after: 111.4 MB.

Unloading 33 unused Assets to reduce memory usage. Loaded Objects now: 2303.
Total: 2.259200 ms (FindLiveObjects: 0.287400 ms CreateObjectMapping: 0.111900 ms MarkObjects: 1.412400 ms  DeleteObjects: 0.446600 ms)

AssetImportParameters requested are different than current active one (requested -> active):
  custom:graphics/normal-map-encoding: 01000000000000000000000000000000 -> 02000000000000000000000000000000
========================================================================
Received Prepare
Registering precompiled user dll's ...
Registered in 0.002360 seconds.
Begin MonoManager ReloadAssembly
Native extension for WindowsStandalone target not found
Refreshing native plugins compatible for Editor in 0.65 ms, found 4 plugins.
Preloading 1 native plugins for Editor in 0.07 ms.
Invoked RoslynAnalysisRunner static constructor.
RoslynAnalysisRunner will not be running.
RoslynAnalysisRunner has terminated.
Mono: successfully reloaded assembly
- Completed reload, in  0.771 seconds
Platform modules already initialized, skipping
Switching build target platform(5) subTarget(0) extendedPlatform(0) -> platform(13) subTarget(524293) extendedPlatform(0)
Shader 'Oculus/OVRMRCameraFrameLit': fallback shader 'Alpha-Diffuse' not found
Refreshing native plugins compatible for Editor in 1.26 ms, found 4 plugins.
Preloading 1 native plugins for Editor in 0.11 ms.
Unloading 1723 Unused Serialized files (Serialized files now loaded: 0)
System memory in use before: 111.8 MB.
System memory in use after: 111.4 MB.

Unloading 33 unused Assets to reduce memory usage. Loaded Objects now: 2307.
Total: 2.126200 ms (FindLiveObjects: 0.217500 ms CreateObjectMapping: 0.072800 ms MarkObjects: 1.387900 ms  DeleteObjects: 0.447200 ms)

AssetImportParameters requested are different than current active one (requested -> active):
  custom:graphics/normal-map-encoding: 01000000000000000000000000000000 -> 02000000000000000000000000000000
========================================================================
Received Import Request.
  Time since last request: 1754.954554 seconds.
  path: Assets/Prefabs/park1 base.prefab
  artifactKey: Guid(4d3c05e08b5e4034f91c94a8e9720fd8) Importer(815301076,1909f56bfc062723c751e8b465ee728b)
Start importing Assets/Prefabs/park1 base.prefab using Guid(4d3c05e08b5e4034f91c94a8e9720fd8) Importer(815301076,1909f56bfc062723c751e8b465ee728b)  -> (artifact id: '1cbd06226c3d07a828bd4ee3138cc966') in 0.428268 seconds
  Import took 0.441884 seconds .

========================================================================
Received Import Request.
  Time since last request: 0.000146 seconds.
  path: Assets/Prefabs/park2.prefab
  artifactKey: Guid(08b07ccea6d59724682083f33bf1f87e) Importer(815301076,1909f56bfc062723c751e8b465ee728b)
Start importing Assets/Prefabs/park2.prefab using Guid(08b07ccea6d59724682083f33bf1f87e) Importer(815301076,1909f56bfc062723c751e8b465ee728b)  -> (artifact id: 'b95ca529b7fbfb872ac3adb0c74aea13') in 0.337884 seconds
  Import took 0.346402 seconds .

========================================================================
Received Import Request.
  Time since last request: 0.000154 seconds.
  path: Assets/Prefabs/park1 flower.prefab
  artifactKey: Guid(dad801b6e11e69041bf601f3308c0097) Importer(815301076,1909f56bfc062723c751e8b465ee728b)
Start importing Assets/Prefabs/park1 flower.prefab using Guid(dad801b6e11e69041bf601f3308c0097) Importer(815301076,1909f56bfc062723c751e8b465ee728b)  -> (artifact id: '09b2fc2726fa757d3d8b49a932b6f94e') in 0.337108 seconds
  Import took 0.347468 seconds .

========================================================================
Received Import Request.
  Time since last request: 0.000224 seconds.
  path: Assets/Prefabs/park3.prefab
  artifactKey: Guid(4424990d09ddfe1458433c90e1a4666f) Importer(815301076,1909f56bfc062723c751e8b465ee728b)
Start importing Assets/Prefabs/park3.prefab using Guid(4424990d09ddfe1458433c90e1a4666f) Importer(815301076,1909f56bfc062723c751e8b465ee728b)  -> (artifact id: '545a2f90c96e2eb4fade0e696b972f79') in 0.326856 seconds
  Import took 0.335199 seconds .

========================================================================
Received Import Request.
  Time since last request: 0.838679 seconds.
  path: Assets/Prefabs/park1 base.prefab
  artifactKey: Guid(4d3c05e08b5e4034f91c94a8e9720fd8) Importer(815301076,1909f56bfc062723c751e8b465ee728b)
Start importing Assets/Prefabs/park1 base.prefab using Guid(4d3c05e08b5e4034f91c94a8e9720fd8) Importer(815301076,1909f56bfc062723c751e8b465ee728b)  -> (artifact id: '05d54571721a195a0d621d1f09fc227d') in 0.345747 seconds
  Import took 0.358290 seconds .

========================================================================
Received Import Request.
  Time since last request: 0.000219 seconds.
  path: Assets/Prefabs/park2.prefab
  artifactKey: Guid(08b07ccea6d59724682083f33bf1f87e) Importer(815301076,1909f56bfc062723c751e8b465ee728b)
Start importing Assets/Prefabs/park2.prefab using Guid(08b07ccea6d59724682083f33bf1f87e) Importer(815301076,1909f56bfc062723c751e8b465ee728b)  -> (artifact id: 'aa2cc7dee7e91f653d6b01a555e3a38b') in 0.325332 seconds
  Import took 0.333650 seconds .

========================================================================
Received Import Request.
  Time since last request: 0.000163 seconds.
  path: Assets/Prefabs/park1 flower.prefab
  artifactKey: Guid(dad801b6e11e69041bf601f3308c0097) Importer(815301076,1909f56bfc062723c751e8b465ee728b)
Start importing Assets/Prefabs/park1 flower.prefab using Guid(dad801b6e11e69041bf601f3308c0097) Importer(815301076,1909f56bfc062723c751e8b465ee728b)  -> (artifact id: '7aa0605742ede4fe9231074631a72cb5') in 0.334143 seconds
  Import took 0.344423 seconds .

========================================================================
Received Import Request.
  Time since last request: 0.000241 seconds.
  path: Assets/Prefabs/park3.prefab
  artifactKey: Guid(4424990d09ddfe1458433c90e1a4666f) Importer(815301076,1909f56bfc062723c751e8b465ee728b)
Start importing Assets/Prefabs/park3.prefab using Guid(4424990d09ddfe1458433c90e1a4666f) Importer(815301076,1909f56bfc062723c751e8b465ee728b)  -> (artifact id: 'd35983526e0b43ceda0a48a59f8a0e7a') in 0.324247 seconds
  Import took 0.332642 seconds .

========================================================================
Received Import Request.
  Time since last request: 0.751102 seconds.
  path: Assets/Prefabs/park1 base.prefab
  artifactKey: Guid(4d3c05e08b5e4034f91c94a8e9720fd8) Importer(815301076,1909f56bfc062723c751e8b465ee728b)
Start importing Assets/Prefabs/park1 base.prefab using Guid(4d3c05e08b5e4034f91c94a8e9720fd8) Importer(815301076,1909f56bfc062723c751e8b465ee728b)  -> (artifact id: '43a3ca4ab59885f86f581944fea6f4e1') in 0.344839 seconds
  Import took 0.357396 seconds .

========================================================================
Received Import Request.
  Time since last request: 0.000248 seconds.
  path: Assets/Prefabs/park2.prefab
  artifactKey: Guid(08b07ccea6d59724682083f33bf1f87e) Importer(815301076,1909f56bfc062723c751e8b465ee728b)
Start importing Assets/Prefabs/park2.prefab using Guid(08b07ccea6d59724682083f33bf1f87e) Importer(815301076,1909f56bfc062723c751e8b465ee728b)  -> (artifact id: 'b579cf6497fc82cc9ea951682b0f12ec') in 0.321769 seconds
  Import took 0.330022 seconds .

========================================================================
Received Import Request.
  Time since last request: 0.000243 seconds.
  path: Assets/Prefabs/park1 flower.prefab
  artifactKey: Guid(dad801b6e11e69041bf601f3308c0097) Importer(815301076,1909f56bfc062723c751e8b465ee728b)
Start importing Assets/Prefabs/park1 flower.prefab using Guid(dad801b6e11e69041bf601f3308c0097) Importer(815301076,1909f56bfc062723c751e8b465ee728b)  -> (artifact id: 'a22c9109d44386f20c61d89941d072d0') in 0.327490 seconds
  Import took 0.337953 seconds .

========================================================================
Received Import Request.
  Time since last request: 0.000238 seconds.
  path: Assets/Prefabs/park3.prefab
  artifactKey: Guid(4424990d09ddfe1458433c90e1a4666f) Importer(815301076,1909f56bfc062723c751e8b465ee728b)
Start importing Assets/Prefabs/park3.prefab using Guid(4424990d09ddfe1458433c90e1a4666f) Importer(815301076,1909f56bfc062723c751e8b465ee728b)  -> (artifact id: '219a536bcca54fcd3e9e0926982bbf0e') in 0.322349 seconds
  Import took 0.331133 seconds .

========================================================================
Received Import Request.
  Time since last request: 0.001349 seconds.
  path: Assets/Prefabs/park3.prefab
  artifactKey: Guid(4424990d09ddfe1458433c90e1a4666f) Importer(815301076,1909f56bfc062723c751e8b465ee728b)
Start importing Assets/Prefabs/park3.prefab using Guid(4424990d09ddfe1458433c90e1a4666f) Importer(815301076,1909f56bfc062723c751e8b465ee728b)  -> (artifact id: '219a536bcca54fcd3e9e0926982bbf0e') in 0.322696 seconds
  Import took 0.330907 seconds .

========================================================================
Received Prepare
Registering precompiled user dll's ...
Registered in 0.002311 seconds.
Begin MonoManager ReloadAssembly
Native extension for WindowsStandalone target not found
Refreshing native plugins compatible for Editor in 0.59 ms, found 4 plugins.
Preloading 1 native plugins for Editor in 0.06 ms.
Invoked RoslynAnalysisRunner static constructor.
RoslynAnalysisRunner will not be running.
RoslynAnalysisRunner has terminated.
Mono: successfully reloaded assembly
- Completed reload, in  0.759 seconds
Platform modules already initialized, skipping
Switching build target platform(5) subTarget(0) extendedPlatform(0) -> platform(13) subTarget(524293) extendedPlatform(0)
Shader 'Oculus/OVRMRCameraFrameLit': fallback shader 'Alpha-Diffuse' not found
Refreshing native plugins compatible for Editor in 0.58 ms, found 4 plugins.
Preloading 1 native plugins for Editor in 0.05 ms.
Unloading 1723 Unused Serialized files (Serialized files now loaded: 0)
System memory in use before: 114.6 MB.
System memory in use after: 114.2 MB.

Unloading 34 unused Assets to reduce memory usage. Loaded Objects now: 2313.
Total: 2.405400 ms (FindLiveObjects: 0.233300 ms CreateObjectMapping: 0.090400 ms MarkObjects: 1.596600 ms  DeleteObjects: 0.484300 ms)

AssetImportParameters requested are different than current active one (requested -> active):
  custom:graphics/normal-map-encoding: 01000000000000000000000000000000 -> 02000000000000000000000000000000
========================================================================
Received Prepare
Registering precompiled user dll's ...
Registered in 0.002491 seconds.
Begin MonoManager ReloadAssembly
Native extension for WindowsStandalone target not found
Refreshing native plugins compatible for Editor in 0.60 ms, found 4 plugins.
Preloading 1 native plugins for Editor in 0.06 ms.
Invoked RoslynAnalysisRunner static constructor.
RoslynAnalysisRunner will not be running.
RoslynAnalysisRunner has terminated.
Mono: successfully reloaded assembly
- Completed reload, in  0.770 seconds
Platform modules already initialized, skipping
Switching build target platform(5) subTarget(0) extendedPlatform(0) -> platform(13) subTarget(524293) extendedPlatform(0)
Shader 'Oculus/OVRMRCameraFrameLit': fallback shader 'Alpha-Diffuse' not found
Refreshing native plugins compatible for Editor in 0.67 ms, found 4 plugins.
Preloading 1 native plugins for Editor in 0.07 ms.
Unloading 1723 Unused Serialized files (Serialized files now loaded: 0)
System memory in use before: 114.6 MB.
System memory in use after: 114.2 MB.

Unloading 33 unused Assets to reduce memory usage. Loaded Objects now: 2317.
Total: 2.156800 ms (FindLiveObjects: 0.203000 ms CreateObjectMapping: 0.064200 ms MarkObjects: 1.428700 ms  DeleteObjects: 0.460100 ms)

AssetImportParameters requested are different than current active one (requested -> active):
  custom:graphics/normal-map-encoding: 01000000000000000000000000000000 -> 02000000000000000000000000000000
========================================================================
Received Prepare
Registering precompiled user dll's ...
Registered in 0.002426 seconds.
Begin MonoManager ReloadAssembly
Native extension for WindowsStandalone target not found
Refreshing native plugins compatible for Editor in 0.60 ms, found 4 plugins.
Preloading 1 native plugins for Editor in 0.06 ms.
Invoked RoslynAnalysisRunner static constructor.
RoslynAnalysisRunner will not be running.
RoslynAnalysisRunner has terminated.
Mono: successfully reloaded assembly
- Completed reload, in  0.740 seconds
Platform modules already initialized, skipping
Switching build target platform(5) subTarget(0) extendedPlatform(0) -> platform(13) subTarget(524293) extendedPlatform(0)
Shader 'Oculus/OVRMRCameraFrameLit': fallback shader 'Alpha-Diffuse' not found
Refreshing native plugins compatible for Editor in 0.59 ms, found 4 plugins.
Preloading 1 native plugins for Editor in 0.06 ms.
Unloading 1723 Unused Serialized files (Serialized files now loaded: 0)
System memory in use before: 114.6 MB.
System memory in use after: 114.2 MB.

Unloading 33 unused Assets to reduce memory usage. Loaded Objects now: 2321.
Total: 1.911300 ms (FindLiveObjects: 0.166700 ms CreateObjectMapping: 0.059100 ms MarkObjects: 1.282800 ms  DeleteObjects: 0.402000 ms)

AssetImportParameters requested are different than current active one (requested -> active):
  custom:graphics/normal-map-encoding: 01000000000000000000000000000000 -> 02000000000000000000000000000000
========================================================================
Received Prepare
Registering precompiled user dll's ...
Registered in 0.002274 seconds.
Begin MonoManager ReloadAssembly
Native extension for WindowsStandalone target not found
Refreshing native plugins compatible for Editor in 0.60 ms, found 4 plugins.
Preloading 1 native plugins for Editor in 0.06 ms.
Invoked RoslynAnalysisRunner static constructor.
RoslynAnalysisRunner will not be running.
RoslynAnalysisRunner has terminated.
Mono: successfully reloaded assembly
- Completed reload, in  0.742 seconds
Platform modules already initialized, skipping
Switching build target platform(5) subTarget(0) extendedPlatform(0) -> platform(13) subTarget(524293) extendedPlatform(0)
Shader 'Oculus/OVRMRCameraFrameLit': fallback shader 'Alpha-Diffuse' not found
Refreshing native plugins compatible for Editor in 0.58 ms, found 4 plugins.
Preloading 1 native plugins for Editor in 0.06 ms.
Unloading 1723 Unused Serialized files (Serialized files now loaded: 0)
System memory in use before: 114.6 MB.
System memory in use after: 114.2 MB.

Unloading 33 unused Assets to reduce memory usage. Loaded Objects now: 2325.
Total: 2.154000 ms (FindLiveObjects: 0.188200 ms CreateObjectMapping: 0.054400 ms MarkObjects: 1.403300 ms  DeleteObjects: 0.506800 ms)

AssetImportParameters requested are different than current active one (requested -> active):
  custom:graphics/normal-map-encoding: 01000000000000000000000000000000 -> 02000000000000000000000000000000
========================================================================
Received Import Request.
  Time since last request: 471.682645 seconds.
  path: Assets/Prefabs/park1 base.prefab
  artifactKey: Guid(4d3c05e08b5e4034f91c94a8e9720fd8) Importer(815301076,1909f56bfc062723c751e8b465ee728b)
Start importing Assets/Prefabs/park1 base.prefab using Guid(4d3c05e08b5e4034f91c94a8e9720fd8) Importer(815301076,1909f56bfc062723c751e8b465ee728b)  -> (artifact id: 'd75569ca292add340abd3e292b5639ab') in 0.388064 seconds
  Import took 0.401862 seconds .

========================================================================
Received Prepare
Registering precompiled user dll's ...
Registered in 0.002384 seconds.
Begin MonoManager ReloadAssembly
Native extension for WindowsStandalone target not found
Refreshing native plugins compatible for Editor in 0.65 ms, found 4 plugins.
Preloading 1 native plugins for Editor in 0.06 ms.
Invoked RoslynAnalysisRunner static constructor.
RoslynAnalysisRunner will not be running.
RoslynAnalysisRunner has terminated.
Mono: successfully reloaded assembly
- Completed reload, in  0.778 seconds
Platform modules already initialized, skipping
Switching build target platform(5) subTarget(0) extendedPlatform(0) -> platform(13) subTarget(524293) extendedPlatform(0)
Shader 'Oculus/OVRMRCameraFrameLit': fallback shader 'Alpha-Diffuse' not found
Refreshing native plugins compatible for Editor in 0.62 ms, found 4 plugins.
Preloading 1 native plugins for Editor in 0.07 ms.
Unloading 1723 Unused Serialized files (Serialized files now loaded: 0)
System memory in use before: 114.7 MB.
System memory in use after: 114.3 MB.

Unloading 34 unused Assets to reduce memory usage. Loaded Objects now: 2330.
Total: 2.238000 ms (FindLiveObjects: 0.192300 ms CreateObjectMapping: 0.055400 ms MarkObjects: 1.543900 ms  DeleteObjects: 0.445500 ms)

AssetImportParameters requested are different than current active one (requested -> active):
  custom:graphics/normal-map-encoding: 01000000000000000000000000000000 -> 02000000000000000000000000000000
========================================================================
Received Prepare
Registering precompiled user dll's ...
Registered in 0.002214 seconds.
Begin MonoManager ReloadAssembly
Native extension for WindowsStandalone target not found
Refreshing native plugins compatible for Editor in 0.66 ms, found 4 plugins.
Preloading 1 native plugins for Editor in 0.07 ms.
Invoked RoslynAnalysisRunner static constructor.
RoslynAnalysisRunner will not be running.
RoslynAnalysisRunner has terminated.
Mono: successfully reloaded assembly
- Completed reload, in  0.815 seconds
Platform modules already initialized, skipping
Switching build target platform(5) subTarget(0) extendedPlatform(0) -> platform(13) subTarget(524293) extendedPlatform(0)
Shader 'Oculus/OVRMRCameraFrameLit': fallback shader 'Alpha-Diffuse' not found
Refreshing native plugins compatible for Editor in 0.62 ms, found 4 plugins.
Preloading 1 native plugins for Editor in 0.06 ms.
Unloading 1723 Unused Serialized files (Serialized files now loaded: 0)
System memory in use before: 114.7 MB.
System memory in use after: 114.3 MB.

Unloading 33 unused Assets to reduce memory usage. Loaded Objects now: 2334.
Total: 1.885600 ms (FindLiveObjects: 0.164300 ms CreateObjectMapping: 0.054200 ms MarkObjects: 1.258600 ms  DeleteObjects: 0.407500 ms)

AssetImportParameters requested are different than current active one (requested -> active):
  custom:graphics/normal-map-encoding: 01000000000000000000000000000000 -> 02000000000000000000000000000000
========================================================================
Received Prepare
Registering precompiled user dll's ...
Registered in 0.002276 seconds.
Begin MonoManager ReloadAssembly
Native extension for WindowsStandalone target not found
Refreshing native plugins compatible for Editor in 0.59 ms, found 4 plugins.
Preloading 1 native plugins for Editor in 0.06 ms.
Invoked RoslynAnalysisRunner static constructor.
RoslynAnalysisRunner will not be running.
RoslynAnalysisRunner has terminated.
Mono: successfully reloaded assembly
- Completed reload, in  0.751 seconds
Platform modules already initialized, skipping
Switching build target platform(5) subTarget(0) extendedPlatform(0) -> platform(13) subTarget(524293) extendedPlatform(0)
Shader 'Oculus/OVRMRCameraFrameLit': fallback shader 'Alpha-Diffuse' not found
Refreshing native plugins compatible for Editor in 0.58 ms, found 4 plugins.
Preloading 1 native plugins for Editor in 0.05 ms.
Unloading 1723 Unused Serialized files (Serialized files now loaded: 0)
System memory in use before: 114.7 MB.
System memory in use after: 114.3 MB.

Unloading 33 unused Assets to reduce memory usage. Loaded Objects now: 2338.
Total: 2.008000 ms (FindLiveObjects: 0.185200 ms CreateObjectMapping: 0.061900 ms MarkObjects: 1.325300 ms  DeleteObjects: 0.434600 ms)

AssetImportParameters requested are different than current active one (requested -> active):
  custom:graphics/normal-map-encoding: 01000000000000000000000000000000 -> 02000000000000000000000000000000
========================================================================
Received Prepare
Registering precompiled user dll's ...
Registered in 0.002451 seconds.
Begin MonoManager ReloadAssembly
Native extension for WindowsStandalone target not found
Refreshing native plugins compatible for Editor in 0.61 ms, found 4 plugins.
Preloading 1 native plugins for Editor in 0.06 ms.
Invoked RoslynAnalysisRunner static constructor.
RoslynAnalysisRunner will not be running.
RoslynAnalysisRunner has terminated.
Mono: successfully reloaded assembly
- Completed reload, in  0.791 seconds
Platform modules already initialized, skipping
Switching build target platform(5) subTarget(0) extendedPlatform(0) -> platform(13) subTarget(524293) extendedPlatform(0)
Shader 'Oculus/OVRMRCameraFrameLit': fallback shader 'Alpha-Diffuse' not found
Refreshing native plugins compatible for Editor in 0.63 ms, found 4 plugins.
Preloading 1 native plugins for Editor in 0.07 ms.
Unloading 1723 Unused Serialized files (Serialized files now loaded: 0)
System memory in use before: 114.7 MB.
System memory in use after: 114.3 MB.

Unloading 33 unused Assets to reduce memory usage. Loaded Objects now: 2342.
Total: 2.100500 ms (FindLiveObjects: 0.192100 ms CreateObjectMapping: 0.055600 ms MarkObjects: 1.404300 ms  DeleteObjects: 0.447300 ms)

AssetImportParameters requested are different than current active one (requested -> active):
  custom:graphics/normal-map-encoding: 01000000000000000000000000000000 -> 02000000000000000000000000000000
========================================================================
Received Prepare
Registering precompiled user dll's ...
Registered in 0.002325 seconds.
Begin MonoManager ReloadAssembly
Native extension for WindowsStandalone target not found
Refreshing native plugins compatible for Editor in 0.59 ms, found 4 plugins.
Preloading 1 native plugins for Editor in 0.06 ms.
Invoked RoslynAnalysisRunner static constructor.
RoslynAnalysisRunner will not be running.
RoslynAnalysisRunner has terminated.
Mono: successfully reloaded assembly
- Completed reload, in  0.808 seconds
Platform modules already initialized, skipping
Switching build target platform(5) subTarget(0) extendedPlatform(0) -> platform(13) subTarget(524293) extendedPlatform(0)
Shader 'Oculus/OVRMRCameraFrameLit': fallback shader 'Alpha-Diffuse' not found
Refreshing native plugins compatible for Editor in 0.59 ms, found 4 plugins.
Preloading 1 native plugins for Editor in 0.05 ms.
Unloading 1723 Unused Serialized files (Serialized files now loaded: 0)
System memory in use before: 114.7 MB.
System memory in use after: 114.4 MB.

Unloading 33 unused Assets to reduce memory usage. Loaded Objects now: 2346.
Total: 1.922700 ms (FindLiveObjects: 0.167100 ms CreateObjectMapping: 0.058600 ms MarkObjects: 1.283000 ms  DeleteObjects: 0.412900 ms)

AssetImportParameters requested are different than current active one (requested -> active):
  custom:graphics/normal-map-encoding: 01000000000000000000000000000000 -> 02000000000000000000000000000000
========================================================================
Received Prepare
Registering precompiled user dll's ...
Registered in 0.002272 seconds.
Begin MonoManager ReloadAssembly
Native extension for WindowsStandalone target not found
Refreshing native plugins compatible for Editor in 0.63 ms, found 4 plugins.
Preloading 1 native plugins for Editor in 0.06 ms.
Invoked RoslynAnalysisRunner static constructor.
RoslynAnalysisRunner will not be running.
RoslynAnalysisRunner has terminated.
Mono: successfully reloaded assembly
- Completed reload, in  0.825 seconds
Platform modules already initialized, skipping
Switching build target platform(5) subTarget(0) extendedPlatform(0) -> platform(13) subTarget(524293) extendedPlatform(0)
Shader 'Oculus/OVRMRCameraFrameLit': fallback shader 'Alpha-Diffuse' not found
Refreshing native plugins compatible for Editor in 0.65 ms, found 4 plugins.
Preloading 1 native plugins for Editor in 0.07 ms.
Unloading 1723 Unused Serialized files (Serialized files now loaded: 0)
System memory in use before: 114.7 MB.
System memory in use after: 114.4 MB.

Unloading 33 unused Assets to reduce memory usage. Loaded Objects now: 2350.
Total: 1.947900 ms (FindLiveObjects: 0.185000 ms CreateObjectMapping: 0.056800 ms MarkObjects: 1.274600 ms  DeleteObjects: 0.430400 ms)

AssetImportParameters requested are different than current active one (requested -> active):
  custom:graphics/normal-map-encoding: 01000000000000000000000000000000 -> 02000000000000000000000000000000
========================================================================
Received Prepare
Registering precompiled user dll's ...
Registered in 0.002440 seconds.
Begin MonoManager ReloadAssembly
Native extension for WindowsStandalone target not found
Refreshing native plugins compatible for Editor in 0.62 ms, found 4 plugins.
Preloading 1 native plugins for Editor in 0.06 ms.
Invoked RoslynAnalysisRunner static constructor.
RoslynAnalysisRunner will not be running.
RoslynAnalysisRunner has terminated.
Mono: successfully reloaded assembly
- Completed reload, in  0.813 seconds
Platform modules already initialized, skipping
Switching build target platform(5) subTarget(0) extendedPlatform(0) -> platform(13) subTarget(524293) extendedPlatform(0)
Shader 'Oculus/OVRMRCameraFrameLit': fallback shader 'Alpha-Diffuse' not found
Refreshing native plugins compatible for Editor in 0.58 ms, found 4 plugins.
Preloading 1 native plugins for Editor in 0.05 ms.
Unloading 1723 Unused Serialized files (Serialized files now loaded: 0)
System memory in use before: 114.7 MB.
System memory in use after: 114.4 MB.

Unloading 33 unused Assets to reduce memory usage. Loaded Objects now: 2354.
Total: 2.072600 ms (FindLiveObjects: 0.195900 ms CreateObjectMapping: 0.064900 ms MarkObjects: 1.375400 ms  DeleteObjects: 0.434900 ms)

AssetImportParameters requested are different than current active one (requested -> active):
  custom:graphics/normal-map-encoding: 01000000000000000000000000000000 -> 02000000000000000000000000000000
========================================================================
Received Prepare
Registering precompiled user dll's ...
Registered in 0.002207 seconds.
Begin MonoManager ReloadAssembly
Native extension for WindowsStandalone target not found
Refreshing native plugins compatible for Editor in 0.61 ms, found 4 plugins.
Preloading 1 native plugins for Editor in 0.06 ms.
Invoked RoslynAnalysisRunner static constructor.
RoslynAnalysisRunner will not be running.
RoslynAnalysisRunner has terminated.
Mono: successfully reloaded assembly
- Completed reload, in  0.788 seconds
Platform modules already initialized, skipping
Switching build target platform(5) subTarget(0) extendedPlatform(0) -> platform(13) subTarget(524293) extendedPlatform(0)
Shader 'Oculus/OVRMRCameraFrameLit': fallback shader 'Alpha-Diffuse' not found
Refreshing native plugins compatible for Editor in 0.58 ms, found 4 plugins.
Preloading 1 native plugins for Editor in 0.05 ms.
Unloading 1723 Unused Serialized files (Serialized files now loaded: 0)
System memory in use before: 114.7 MB.
System memory in use after: 114.4 MB.

Unloading 33 unused Assets to reduce memory usage. Loaded Objects now: 2358.
Total: 2.079800 ms (FindLiveObjects: 0.190100 ms CreateObjectMapping: 0.050600 ms MarkObjects: 1.364200 ms  DeleteObjects: 0.474300 ms)

AssetImportParameters requested are different than current active one (requested -> active):
  custom:graphics/normal-map-encoding: 01000000000000000000000000000000 -> 02000000000000000000000000000000
========================================================================
Received Prepare
Registering precompiled user dll's ...
Registered in 0.002256 seconds.
Begin MonoManager ReloadAssembly
Native extension for WindowsStandalone target not found
Refreshing native plugins compatible for Editor in 0.76 ms, found 4 plugins.
Preloading 1 native plugins for Editor in 0.11 ms.
Invoked RoslynAnalysisRunner static constructor.
RoslynAnalysisRunner will not be running.
RoslynAnalysisRunner has terminated.
Mono: successfully reloaded assembly
- Completed reload, in  0.827 seconds
Platform modules already initialized, skipping
Switching build target platform(5) subTarget(0) extendedPlatform(0) -> platform(13) subTarget(524293) extendedPlatform(0)
Shader 'Oculus/OVRMRCameraFrameLit': fallback shader 'Alpha-Diffuse' not found
Refreshing native plugins compatible for Editor in 0.59 ms, found 4 plugins.
Preloading 1 native plugins for Editor in 0.06 ms.
Unloading 1723 Unused Serialized files (Serialized files now loaded: 0)
System memory in use before: 114.8 MB.
System memory in use after: 114.4 MB.

Unloading 33 unused Assets to reduce memory usage. Loaded Objects now: 2362.
Total: 2.436300 ms (FindLiveObjects: 0.203500 ms CreateObjectMapping: 0.066800 ms MarkObjects: 1.679200 ms  DeleteObjects: 0.484300 ms)

AssetImportParameters requested are different than current active one (requested -> active):
  custom:graphics/normal-map-encoding: 01000000000000000000000000000000 -> 02000000000000000000000000000000
========================================================================
Received Prepare
Registering precompiled user dll's ...
Registered in 0.002227 seconds.
Begin MonoManager ReloadAssembly
Native extension for WindowsStandalone target not found
Refreshing native plugins compatible for Editor in 0.65 ms, found 4 plugins.
Preloading 1 native plugins for Editor in 0.07 ms.
Invoked RoslynAnalysisRunner static constructor.
RoslynAnalysisRunner will not be running.
RoslynAnalysisRunner has terminated.
Mono: successfully reloaded assembly
- Completed reload, in  0.824 seconds
Platform modules already initialized, skipping
Switching build target platform(5) subTarget(0) extendedPlatform(0) -> platform(13) subTarget(524293) extendedPlatform(0)
Shader 'Oculus/OVRMRCameraFrameLit': fallback shader 'Alpha-Diffuse' not found
Refreshing native plugins compatible for Editor in 0.58 ms, found 4 plugins.
Preloading 1 native plugins for Editor in 0.06 ms.
Unloading 1723 Unused Serialized files (Serialized files now loaded: 0)
System memory in use before: 114.8 MB.
System memory in use after: 114.4 MB.

Unloading 33 unused Assets to reduce memory usage. Loaded Objects now: 2366.
Total: 2.071200 ms (FindLiveObjects: 0.186300 ms CreateObjectMapping: 0.061800 ms MarkObjects: 1.398500 ms  DeleteObjects: 0.424000 ms)

AssetImportParameters requested are different than current active one (requested -> active):
  custom:graphics/normal-map-encoding: 01000000000000000000000000000000 -> 02000000000000000000000000000000
========================================================================
Received Prepare
Registering precompiled user dll's ...
Registered in 0.002279 seconds.
Begin MonoManager ReloadAssembly
Native extension for WindowsStandalone target not found
Refreshing native plugins compatible for Editor in 0.61 ms, found 4 plugins.
Preloading 1 native plugins for Editor in 0.06 ms.
Invoked RoslynAnalysisRunner static constructor.
RoslynAnalysisRunner will not be running.
RoslynAnalysisRunner has terminated.
Mono: successfully reloaded assembly
- Completed reload, in  0.857 seconds
Platform modules already initialized, skipping
Switching build target platform(5) subTarget(0) extendedPlatform(0) -> platform(13) subTarget(524293) extendedPlatform(0)
Shader 'Oculus/OVRMRCameraFrameLit': fallback shader 'Alpha-Diffuse' not found
Refreshing native plugins compatible for Editor in 0.59 ms, found 4 plugins.
Preloading 1 native plugins for Editor in 0.05 ms.
Unloading 1723 Unused Serialized files (Serialized files now loaded: 0)
System memory in use before: 114.8 MB.
System memory in use after: 114.4 MB.

Unloading 33 unused Assets to reduce memory usage. Loaded Objects now: 2370.
Total: 2.116900 ms (FindLiveObjects: 0.249900 ms CreateObjectMapping: 0.075200 ms MarkObjects: 1.360800 ms  DeleteObjects: 0.429900 ms)

AssetImportParameters requested are different than current active one (requested -> active):
  custom:graphics/normal-map-encoding: 01000000000000000000000000000000 -> 02000000000000000000000000000000
========================================================================
Received Prepare
Registering precompiled user dll's ...
Registered in 0.002394 seconds.
Begin MonoManager ReloadAssembly
Native extension for WindowsStandalone target not found
Refreshing native plugins compatible for Editor in 0.61 ms, found 4 plugins.
Preloading 1 native plugins for Editor in 0.05 ms.
Invoked RoslynAnalysisRunner static constructor.
RoslynAnalysisRunner will not be running.
RoslynAnalysisRunner has terminated.
Mono: successfully reloaded assembly
- Completed reload, in  0.821 seconds
Platform modules already initialized, skipping
Switching build target platform(5) subTarget(0) extendedPlatform(0) -> platform(13) subTarget(524293) extendedPlatform(0)
Shader 'Oculus/OVRMRCameraFrameLit': fallback shader 'Alpha-Diffuse' not found
Refreshing native plugins compatible for Editor in 0.60 ms, found 4 plugins.
Preloading 1 native plugins for Editor in 0.05 ms.
Unloading 1723 Unused Serialized files (Serialized files now loaded: 0)
System memory in use before: 114.8 MB.
System memory in use after: 114.4 MB.

Unloading 33 unused Assets to reduce memory usage. Loaded Objects now: 2374.
Total: 2.128000 ms (FindLiveObjects: 0.230600 ms CreateObjectMapping: 0.071200 ms MarkObjects: 1.376500 ms  DeleteObjects: 0.448200 ms)

AssetImportParameters requested are different than current active one (requested -> active):
  custom:graphics/normal-map-encoding: 01000000000000000000000000000000 -> 02000000000000000000000000000000
========================================================================
Received Prepare
Registering precompiled user dll's ...
Registered in 0.002225 seconds.
Begin MonoManager ReloadAssembly
Native extension for WindowsStandalone target not found
Refreshing native plugins compatible for Editor in 0.64 ms, found 4 plugins.
Preloading 1 native plugins for Editor in 0.06 ms.
Invoked RoslynAnalysisRunner static constructor.
RoslynAnalysisRunner will not be running.
RoslynAnalysisRunner has terminated.
Mono: successfully reloaded assembly
- Completed reload, in  0.809 seconds
Platform modules already initialized, skipping
Switching build target platform(5) subTarget(0) extendedPlatform(0) -> platform(13) subTarget(524293) extendedPlatform(0)
Shader 'Oculus/OVRMRCameraFrameLit': fallback shader 'Alpha-Diffuse' not found
Refreshing native plugins compatible for Editor in 0.60 ms, found 4 plugins.
Preloading 1 native plugins for Editor in 0.06 ms.
Unloading 1723 Unused Serialized files (Serialized files now loaded: 0)
System memory in use before: 114.8 MB.
System memory in use after: 114.4 MB.

Unloading 33 unused Assets to reduce memory usage. Loaded Objects now: 2378.
Total: 1.989400 ms (FindLiveObjects: 0.219300 ms CreateObjectMapping: 0.066500 ms MarkObjects: 1.283600 ms  DeleteObjects: 0.418800 ms)

AssetImportParameters requested are different than current active one (requested -> active):
  custom:graphics/normal-map-encoding: 01000000000000000000000000000000 -> 02000000000000000000000000000000
========================================================================
Received Prepare
Registering precompiled user dll's ...
Registered in 0.002323 seconds.
Begin MonoManager ReloadAssembly
Native extension for WindowsStandalone target not found
Refreshing native plugins compatible for Editor in 0.60 ms, found 4 plugins.
Preloading 1 native plugins for Editor in 0.06 ms.
Invoked RoslynAnalysisRunner static constructor.
RoslynAnalysisRunner will not be running.
RoslynAnalysisRunner has terminated.
Mono: successfully reloaded assembly
- Completed reload, in  0.848 seconds
Platform modules already initialized, skipping
Switching build target platform(5) subTarget(0) extendedPlatform(0) -> platform(13) subTarget(524293) extendedPlatform(0)
Shader 'Oculus/OVRMRCameraFrameLit': fallback shader 'Alpha-Diffuse' not found
Refreshing native plugins compatible for Editor in 0.59 ms, found 4 plugins.
Preloading 1 native plugins for Editor in 0.06 ms.
Unloading 1723 Unused Serialized files (Serialized files now loaded: 0)
System memory in use before: 114.8 MB.
System memory in use after: 114.4 MB.

Unloading 33 unused Assets to reduce memory usage. Loaded Objects now: 2382.
Total: 2.056600 ms (FindLiveObjects: 0.198600 ms CreateObjectMapping: 0.062800 ms MarkObjects: 1.361300 ms  DeleteObjects: 0.433200 ms)

AssetImportParameters requested are different than current active one (requested -> active):
  custom:graphics/normal-map-encoding: 01000000000000000000000000000000 -> 02000000000000000000000000000000
========================================================================
Received Prepare
Registering precompiled user dll's ...
Registered in 0.002535 seconds.
Begin MonoManager ReloadAssembly
Native extension for WindowsStandalone target not found
Refreshing native plugins compatible for Editor in 0.62 ms, found 4 plugins.
Preloading 1 native plugins for Editor in 0.08 ms.
Invoked RoslynAnalysisRunner static constructor.
RoslynAnalysisRunner will not be running.
RoslynAnalysisRunner has terminated.
Mono: successfully reloaded assembly
- Completed reload, in  0.840 seconds
Platform modules already initialized, skipping
Switching build target platform(5) subTarget(0) extendedPlatform(0) -> platform(13) subTarget(524293) extendedPlatform(0)
Shader 'Oculus/OVRMRCameraFrameLit': fallback shader 'Alpha-Diffuse' not found
Refreshing native plugins compatible for Editor in 0.66 ms, found 4 plugins.
Preloading 1 native plugins for Editor in 0.07 ms.
Unloading 1723 Unused Serialized files (Serialized files now loaded: 0)
System memory in use before: 114.8 MB.
System memory in use after: 114.4 MB.

Unloading 33 unused Assets to reduce memory usage. Loaded Objects now: 2386.
Total: 2.114800 ms (FindLiveObjects: 0.203000 ms CreateObjectMapping: 0.061700 ms MarkObjects: 1.383500 ms  DeleteObjects: 0.465600 ms)

AssetImportParameters requested are different than current active one (requested -> active):
  custom:graphics/normal-map-encoding: 01000000000000000000000000000000 -> 02000000000000000000000000000000
========================================================================
Received Prepare
Registering precompiled user dll's ...
Registered in 0.002378 seconds.
Begin MonoManager ReloadAssembly
Native extension for WindowsStandalone target not found
Refreshing native plugins compatible for Editor in 0.59 ms, found 4 plugins.
Preloading 1 native plugins for Editor in 0.06 ms.
Invoked RoslynAnalysisRunner static constructor.
RoslynAnalysisRunner will not be running.
RoslynAnalysisRunner has terminated.
Mono: successfully reloaded assembly
- Completed reload, in  0.834 seconds
Platform modules already initialized, skipping
Switching build target platform(5) subTarget(0) extendedPlatform(0) -> platform(13) subTarget(524293) extendedPlatform(0)
Shader 'Oculus/OVRMRCameraFrameLit': fallback shader 'Alpha-Diffuse' not found
Refreshing native plugins compatible for Editor in 0.58 ms, found 4 plugins.
Preloading 1 native plugins for Editor in 0.05 ms.
Unloading 1723 Unused Serialized files (Serialized files now loaded: 0)
System memory in use before: 114.8 MB.
System memory in use after: 114.5 MB.

Unloading 33 unused Assets to reduce memory usage. Loaded Objects now: 2390.
Total: 1.860100 ms (FindLiveObjects: 0.176800 ms CreateObjectMapping: 0.052200 ms MarkObjects: 1.235800 ms  DeleteObjects: 0.394500 ms)

AssetImportParameters requested are different than current active one (requested -> active):
  custom:graphics/normal-map-encoding: 01000000000000000000000000000000 -> 02000000000000000000000000000000
========================================================================
Received Prepare
Registering precompiled user dll's ...
Registered in 0.002398 seconds.
Begin MonoManager ReloadAssembly
Native extension for WindowsStandalone target not found
Refreshing native plugins compatible for Editor in 0.61 ms, found 4 plugins.
Preloading 1 native plugins for Editor in 0.07 ms.
Invoked RoslynAnalysisRunner static constructor.
RoslynAnalysisRunner will not be running.
RoslynAnalysisRunner has terminated.
Mono: successfully reloaded assembly
- Completed reload, in  0.853 seconds
Platform modules already initialized, skipping
Switching build target platform(5) subTarget(0) extendedPlatform(0) -> platform(13) subTarget(524293) extendedPlatform(0)
Shader 'Oculus/OVRMRCameraFrameLit': fallback shader 'Alpha-Diffuse' not found
Refreshing native plugins compatible for Editor in 0.66 ms, found 4 plugins.
Preloading 1 native plugins for Editor in 0.06 ms.
Unloading 1723 Unused Serialized files (Serialized files now loaded: 0)
System memory in use before: 114.8 MB.
System memory in use after: 114.5 MB.

Unloading 33 unused Assets to reduce memory usage. Loaded Objects now: 2394.
Total: 2.165900 ms (FindLiveObjects: 0.221500 ms CreateObjectMapping: 0.069100 ms MarkObjects: 1.437200 ms  DeleteObjects: 0.436900 ms)

AssetImportParameters requested are different than current active one (requested -> active):
  custom:graphics/normal-map-encoding: 01000000000000000000000000000000 -> 02000000000000000000000000000000
========================================================================
Received Prepare
Registering precompiled user dll's ...
Registered in 0.002449 seconds.
Begin MonoManager ReloadAssembly
Native extension for WindowsStandalone target not found
Refreshing native plugins compatible for Editor in 0.61 ms, found 4 plugins.
Preloading 1 native plugins for Editor in 0.06 ms.
Invoked RoslynAnalysisRunner static constructor.
RoslynAnalysisRunner will not be running.
RoslynAnalysisRunner has terminated.
Mono: successfully reloaded assembly
- Completed reload, in  0.865 seconds
Platform modules already initialized, skipping
Switching build target platform(5) subTarget(0) extendedPlatform(0) -> platform(13) subTarget(524293) extendedPlatform(0)
Shader 'Oculus/OVRMRCameraFrameLit': fallback shader 'Alpha-Diffuse' not found
Refreshing native plugins compatible for Editor in 0.65 ms, found 4 plugins.
Preloading 1 native plugins for Editor in 0.07 ms.
Unloading 1723 Unused Serialized files (Serialized files now loaded: 0)
System memory in use before: 114.8 MB.
System memory in use after: 114.5 MB.

Unloading 33 unused Assets to reduce memory usage. Loaded Objects now: 2398.
Total: 2.071500 ms (FindLiveObjects: 0.216600 ms CreateObjectMapping: 0.066900 ms MarkObjects: 1.359800 ms  DeleteObjects: 0.427100 ms)

AssetImportParameters requested are different than current active one (requested -> active):
  custom:graphics/normal-map-encoding: 01000000000000000000000000000000 -> 02000000000000000000000000000000
========================================================================
Received Prepare
Registering precompiled user dll's ...
Registered in 0.002335 seconds.
Begin MonoManager ReloadAssembly
Native extension for WindowsStandalone target not found
Refreshing native plugins compatible for Editor in 0.60 ms, found 4 plugins.
Preloading 1 native plugins for Editor in 0.06 ms.
Invoked RoslynAnalysisRunner static constructor.
RoslynAnalysisRunner will not be running.
RoslynAnalysisRunner has terminated.
Mono: successfully reloaded assembly
- Completed reload, in  0.877 seconds
Platform modules already initialized, skipping
Switching build target platform(5) subTarget(0) extendedPlatform(0) -> platform(13) subTarget(524293) extendedPlatform(0)
Shader 'Oculus/OVRMRCameraFrameLit': fallback shader 'Alpha-Diffuse' not found
Refreshing native plugins compatible for Editor in 0.61 ms, found 4 plugins.
Preloading 1 native plugins for Editor in 0.07 ms.
Unloading 1723 Unused Serialized files (Serialized files now loaded: 0)
System memory in use before: 114.8 MB.
System memory in use after: 114.5 MB.

Unloading 33 unused Assets to reduce memory usage. Loaded Objects now: 2402.
Total: 2.315600 ms (FindLiveObjects: 0.248800 ms CreateObjectMapping: 0.072700 ms MarkObjects: 1.502600 ms  DeleteObjects: 0.490100 ms)

AssetImportParameters requested are different than current active one (requested -> active):
  custom:graphics/normal-map-encoding: 01000000000000000000000000000000 -> 02000000000000000000000000000000
========================================================================
Received Prepare
Registering precompiled user dll's ...
Registered in 0.002364 seconds.
Begin MonoManager ReloadAssembly
Native extension for WindowsStandalone target not found
Refreshing native plugins compatible for Editor in 0.61 ms, found 4 plugins.
Preloading 1 native plugins for Editor in 0.06 ms.
Invoked RoslynAnalysisRunner static constructor.
RoslynAnalysisRunner will not be running.
RoslynAnalysisRunner has terminated.
Mono: successfully reloaded assembly
- Completed reload, in  0.872 seconds
Platform modules already initialized, skipping
Switching build target platform(5) subTarget(0) extendedPlatform(0) -> platform(13) subTarget(524293) extendedPlatform(0)
Shader 'Oculus/OVRMRCameraFrameLit': fallback shader 'Alpha-Diffuse' not found
Refreshing native plugins compatible for Editor in 0.66 ms, found 4 plugins.
Preloading 1 native plugins for Editor in 0.06 ms.
Unloading 1723 Unused Serialized files (Serialized files now loaded: 0)
System memory in use before: 114.9 MB.
System memory in use after: 114.5 MB.

Unloading 33 unused Assets to reduce memory usage. Loaded Objects now: 2406.
Total: 2.247300 ms (FindLiveObjects: 0.221300 ms CreateObjectMapping: 0.064900 ms MarkObjects: 1.468800 ms  DeleteObjects: 0.491000 ms)

AssetImportParameters requested are different than current active one (requested -> active):
  custom:graphics/normal-map-encoding: 01000000000000000000000000000000 -> 02000000000000000000000000000000
========================================================================
Received Prepare
Registering precompiled user dll's ...
Registered in 0.002314 seconds.
Begin MonoManager ReloadAssembly
Native extension for WindowsStandalone target not found
Refreshing native plugins compatible for Editor in 0.62 ms, found 4 plugins.
Preloading 1 native plugins for Editor in 0.06 ms.
Invoked RoslynAnalysisRunner static constructor.
RoslynAnalysisRunner will not be running.
RoslynAnalysisRunner has terminated.
Mono: successfully reloaded assembly
- Completed reload, in  0.907 seconds
Platform modules already initialized, skipping
Switching build target platform(5) subTarget(0) extendedPlatform(0) -> platform(13) subTarget(524293) extendedPlatform(0)
Shader 'Oculus/OVRMRCameraFrameLit': fallback shader 'Alpha-Diffuse' not found
Refreshing native plugins compatible for Editor in 0.68 ms, found 4 plugins.
Preloading 1 native plugins for Editor in 0.07 ms.
Unloading 1723 Unused Serialized files (Serialized files now loaded: 0)
System memory in use before: 114.9 MB.
System memory in use after: 114.5 MB.

Unloading 33 unused Assets to reduce memory usage. Loaded Objects now: 2410.
Total: 2.608900 ms (FindLiveObjects: 0.267000 ms CreateObjectMapping: 0.078100 ms MarkObjects: 1.746200 ms  DeleteObjects: 0.516700 ms)

AssetImportParameters requested are different than current active one (requested -> active):
  custom:graphics/normal-map-encoding: 01000000000000000000000000000000 -> 02000000000000000000000000000000
========================================================================
Received Prepare
Registering precompiled user dll's ...
Registered in 0.002382 seconds.
Begin MonoManager ReloadAssembly
Native extension for WindowsStandalone target not found
Refreshing native plugins compatible for Editor in 0.64 ms, found 4 plugins.
Preloading 1 native plugins for Editor in 0.06 ms.
Invoked RoslynAnalysisRunner static constructor.
RoslynAnalysisRunner will not be running.
RoslynAnalysisRunner has terminated.
Mono: successfully reloaded assembly
- Completed reload, in  0.894 seconds
Platform modules already initialized, skipping
Switching build target platform(5) subTarget(0) extendedPlatform(0) -> platform(13) subTarget(524293) extendedPlatform(0)
Shader 'Oculus/OVRMRCameraFrameLit': fallback shader 'Alpha-Diffuse' not found
Refreshing native plugins compatible for Editor in 0.77 ms, found 4 plugins.
Preloading 1 native plugins for Editor in 0.06 ms.
Unloading 1723 Unused Serialized files (Serialized files now loaded: 0)
System memory in use before: 114.9 MB.
System memory in use after: 114.5 MB.

Unloading 33 unused Assets to reduce memory usage. Loaded Objects now: 2414.
Total: 2.633100 ms (FindLiveObjects: 0.222000 ms CreateObjectMapping: 0.070000 ms MarkObjects: 1.642900 ms  DeleteObjects: 0.697200 ms)

AssetImportParameters requested are different than current active one (requested -> active):
  custom:graphics/normal-map-encoding: 01000000000000000000000000000000 -> 02000000000000000000000000000000
========================================================================
Received Prepare
Registering precompiled user dll's ...
Registered in 0.002328 seconds.
Begin MonoManager ReloadAssembly
Native extension for WindowsStandalone target not found
Refreshing native plugins compatible for Editor in 0.62 ms, found 4 plugins.
Preloading 1 native plugins for Editor in 0.06 ms.
Invoked RoslynAnalysisRunner static constructor.
RoslynAnalysisRunner will not be running.
RoslynAnalysisRunner has terminated.
Mono: successfully reloaded assembly
- Completed reload, in  0.890 seconds
Platform modules already initialized, skipping
Switching build target platform(5) subTarget(0) extendedPlatform(0) -> platform(13) subTarget(524293) extendedPlatform(0)
Shader 'Oculus/OVRMRCameraFrameLit': fallback shader 'Alpha-Diffuse' not found
Refreshing native plugins compatible for Editor in 0.59 ms, found 4 plugins.
Preloading 1 native plugins for Editor in 0.06 ms.
Unloading 1723 Unused Serialized files (Serialized files now loaded: 0)
System memory in use before: 114.9 MB.
System memory in use after: 114.5 MB.

Unloading 33 unused Assets to reduce memory usage. Loaded Objects now: 2418.
Total: 2.192400 ms (FindLiveObjects: 0.259500 ms CreateObjectMapping: 0.075800 ms MarkObjects: 1.415700 ms  DeleteObjects: 0.440300 ms)

AssetImportParameters requested are different than current active one (requested -> active):
  custom:graphics/normal-map-encoding: 01000000000000000000000000000000 -> 02000000000000000000000000000000
========================================================================
Received Prepare
Registering precompiled user dll's ...
Registered in 0.002423 seconds.
Begin MonoManager ReloadAssembly
Native extension for WindowsStandalone target not found
Refreshing native plugins compatible for Editor in 0.69 ms, found 4 plugins.
Preloading 1 native plugins for Editor in 0.06 ms.
Invoked RoslynAnalysisRunner static constructor.
RoslynAnalysisRunner will not be running.
RoslynAnalysisRunner has terminated.
Mono: successfully reloaded assembly
- Completed reload, in  0.934 seconds
Platform modules already initialized, skipping
Switching build target platform(5) subTarget(0) extendedPlatform(0) -> platform(13) subTarget(524293) extendedPlatform(0)
Shader 'Oculus/OVRMRCameraFrameLit': fallback shader 'Alpha-Diffuse' not found
Refreshing native plugins compatible for Editor in 0.62 ms, found 4 plugins.
Preloading 1 native plugins for Editor in 0.06 ms.
Unloading 1723 Unused Serialized files (Serialized files now loaded: 0)
System memory in use before: 114.9 MB.
System memory in use after: 114.5 MB.

Unloading 33 unused Assets to reduce memory usage. Loaded Objects now: 2422.
Total: 2.301300 ms (FindLiveObjects: 0.188100 ms CreateObjectMapping: 0.060400 ms MarkObjects: 1.584700 ms  DeleteObjects: 0.467200 ms)

AssetImportParameters requested are different than current active one (requested -> active):
  custom:graphics/normal-map-encoding: 01000000000000000000000000000000 -> 02000000000000000000000000000000
========================================================================
Received Prepare
Registering precompiled user dll's ...
Registered in 0.002511 seconds.
Begin MonoManager ReloadAssembly
Native extension for WindowsStandalone target not found
Refreshing native plugins compatible for Editor in 0.62 ms, found 4 plugins.
Preloading 1 native plugins for Editor in 0.06 ms.
Invoked RoslynAnalysisRunner static constructor.
RoslynAnalysisRunner will not be running.
RoslynAnalysisRunner has terminated.
Mono: successfully reloaded assembly
- Completed reload, in  0.970 seconds
Platform modules already initialized, skipping
Switching build target platform(5) subTarget(0) extendedPlatform(0) -> platform(13) subTarget(524293) extendedPlatform(0)
Shader 'Oculus/OVRMRCameraFrameLit': fallback shader 'Alpha-Diffuse' not found
Refreshing native plugins compatible for Editor in 0.60 ms, found 4 plugins.
Preloading 1 native plugins for Editor in 0.07 ms.
Unloading 1723 Unused Serialized files (Serialized files now loaded: 0)
System memory in use before: 114.9 MB.
System memory in use after: 114.5 MB.

Unloading 33 unused Assets to reduce memory usage. Loaded Objects now: 2426.
Total: 2.323300 ms (FindLiveObjects: 0.283200 ms CreateObjectMapping: 0.082400 ms MarkObjects: 1.483100 ms  DeleteObjects: 0.473000 ms)

AssetImportParameters requested are different than current active one (requested -> active):
  custom:graphics/normal-map-encoding: 01000000000000000000000000000000 -> 02000000000000000000000000000000
AssetImportWorkerClient::OnTransportError - code=2 error=End of file
