Using pre-set license
Built from '2020.3/staging' branch; Version is '2020.3.0f1 (c7b5465681fb) revision 13088070'; Using compiler version '192528614'; Build Type 'Release'
OS: 'Windows 10 Pro; OS build 19042.844; Version 2009; 64bit' Language: 'ko' Physical Memory: 32694 MB
BatchMode: 1, IsHumanControllingUs: 0, StartBugReporterOnCrash: 0, Is64bit: 1, IsPro: 0

 COMMAND LINE ARGUMENTS:
C:\Program Files\Unity\Hub\Editor\2020.3.0f1\Editor\Unity.exe
-adb2
-batchMode
-noUpm
-name
AssetImportWorker0
-projectPath
C:/Users/dongdong/Downloads/VR-Pool-Game-master/Final Project
-logFile
Logs/AssetImportWorker0.log
-srvPort
63446
Successfully changed project path to: C:/Users/dongdong/Downloads/VR-Pool-Game-master/Final Project
C:/Users/dongdong/Downloads/VR-Pool-Game-master/Final Project
Using Asset Import Pipeline V2.
Refreshing native plugins compatible for Editor in 49.88 ms, found 4 plugins.
Preloading 1 native plugins for Editor in 0.80 ms.
Initialize engine version: 2020.3.0f1 (c7b5465681fb)
[Subsystems] Discovering subsystems at path C:/Program Files/Unity/Hub/Editor/2020.3.0f1/Editor/Data/Resources/UnitySubsystems
[Subsystems] Discovering subsystems at path C:/Users/dongdong/Downloads/VR-Pool-Game-master/Final Project/Assets
GfxDevice: creating device client; threaded=0
Direct3D:
    Version:  Direct3D 11.0 [level 11.1]
    Renderer: NVIDIA GeForce RTX 3070 (ID=0x2484)
    Vendor:   
    VRAM:     8043 MB
    Driver:   27.21.14.6172
Shader 'Oculus/OVRMRCameraFrameLit': fallback shader 'Alpha-Diffuse' not found
Initialize mono
Mono path[0] = 'C:/Program Files/Unity/Hub/Editor/2020.3.0f1/Editor/Data/Managed'
Mono path[1] = 'C:/Program Files/Unity/Hub/Editor/2020.3.0f1/Editor/Data/MonoBleedingEdge/lib/mono/unityjit'
Mono config path = 'C:/Program Files/Unity/Hub/Editor/2020.3.0f1/Editor/Data/MonoBleedingEdge/etc'
Using monoOptions --debugger-agent=transport=dt_socket,embedding=1,server=y,suspend=n,address=127.0.0.1:56512
Begin MonoManager ReloadAssembly
Registering precompiled unity dll's ...
Register platform support module: C:/Program Files/Unity/Hub/Editor/2020.3.0f1/Editor/Data/PlaybackEngines/WindowsStandaloneSupport/UnityEditor.WindowsStandalone.Extensions.dll
Registered in 0.001416 seconds.
Native extension for WindowsStandalone target not found
Refreshing native plugins compatible for Editor in 40.95 ms, found 4 plugins.
Preloading 1 native plugins for Editor in 0.05 ms.
Invoked RoslynAnalysisRunner static constructor.
RoslynAnalysisRunner will not be running.
RoslynAnalysisRunner has terminated.
Mono: successfully reloaded assembly
- Completed reload, in  1.400 seconds
Platform modules already initialized, skipping
Registering precompiled user dll's ...
Registered in 0.002291 seconds.
Begin MonoManager ReloadAssembly
Native extension for WindowsStandalone target not found
Refreshing native plugins compatible for Editor in 0.61 ms, found 4 plugins.
Preloading 1 native plugins for Editor in 0.05 ms.
Invoked RoslynAnalysisRunner static constructor.
RoslynAnalysisRunner will not be running.
RoslynAnalysisRunner has terminated.
[XR] OculusXRPlugin: registering subsystems
[XR] Unable to register display lifecyle provider: [1]
[XR] Oculus Input lifecycle provider registered.
[XR] Unable to register input lifecyle provider: [1]
[XR] OVRP version 1.60.0
Mono: successfully reloaded assembly
- Completed reload, in  0.724 seconds
Platform modules already initialized, skipping
========================================================================
Worker process is ready to serve import requests
Shader 'Oculus/OVRMRCameraFrameLit': fallback shader 'Alpha-Diffuse' not found
Launched and connected shader compiler UnityShaderCompiler.exe after 0.03 seconds
Refreshing native plugins compatible for Editor in 0.56 ms, found 4 plugins.
Preloading 1 native plugins for Editor in 0.05 ms.
Unloading 1784 Unused Serialized files (Serialized files now loaded: 0)
System memory in use before: 113.5 MB.
System memory in use after: 113.1 MB.

Unloading 37 unused Assets to reduce memory usage. Loaded Objects now: 2248.
Total: 2.104600 ms (FindLiveObjects: 0.175900 ms CreateObjectMapping: 0.101600 ms MarkObjects: 1.346600 ms  DeleteObjects: 0.479800 ms)

========================================================================
Received Import Request.
  path: Assets/HyeongGeon/LoggerScript.cs
  artifactKey: Guid(9efc0cb2be14ad740aea46e63dc68619) Importer(815301076,1909f56bfc062723c751e8b465ee728b)
Start importing Assets/HyeongGeon/LoggerScript.cs using Guid(9efc0cb2be14ad740aea46e63dc68619) Importer(815301076,1909f56bfc062723c751e8b465ee728b)  -> (artifact id: '7be84c86edef7993c3ca658d39c3fcb5') in 0.026274 seconds
  Import took 0.028562 seconds .

========================================================================
Received Prepare
Registering precompiled user dll's ...
Registered in 0.002114 seconds.
Begin MonoManager ReloadAssembly
Native extension for WindowsStandalone target not found
Refreshing native plugins compatible for Editor in 0.57 ms, found 4 plugins.
Preloading 1 native plugins for Editor in 0.06 ms.
Invoked RoslynAnalysisRunner static constructor.
RoslynAnalysisRunner will not be running.
RoslynAnalysisRunner has terminated.
Mono: successfully reloaded assembly
- Completed reload, in  0.669 seconds
Platform modules already initialized, skipping
Switching build target platform(5) subTarget(0) extendedPlatform(0) -> platform(13) subTarget(524293) extendedPlatform(0)
Shader 'Oculus/OVRMRCameraFrameLit': fallback shader 'Alpha-Diffuse' not found
Refreshing native plugins compatible for Editor in 0.58 ms, found 4 plugins.
Preloading 1 native plugins for Editor in 0.05 ms.
Unloading 1723 Unused Serialized files (Serialized files now loaded: 0)
System memory in use before: 108.4 MB.
System memory in use after: 108.1 MB.

Unloading 33 unused Assets to reduce memory usage. Loaded Objects now: 2252.
Total: 1.864400 ms (FindLiveObjects: 0.155500 ms CreateObjectMapping: 0.058700 ms MarkObjects: 1.299400 ms  DeleteObjects: 0.350200 ms)

AssetImportParameters requested are different than current active one (requested -> active):
  custom:graphics/normal-map-encoding: 01000000000000000000000000000000 -> 02000000000000000000000000000000
========================================================================
Received Prepare
Shader 'Oculus/OVRMRCameraFrameLit': fallback shader 'Alpha-Diffuse' not found
Refreshing native plugins compatible for Editor in 6.32 ms, found 4 plugins.
Preloading 1 native plugins for Editor in 0.08 ms.
Unloading 29 Unused Serialized files (Serialized files now loaded: 0)
System memory in use before: 75.8 MB.
System memory in use after: 75.5 MB.

Unloading 29 unused Assets to reduce memory usage. Loaded Objects now: 2252.
Total: 1.903600 ms (FindLiveObjects: 0.154900 ms CreateObjectMapping: 0.050000 ms MarkObjects: 1.281100 ms  DeleteObjects: 0.416700 ms)

========================================================================
Received Import Request.
  Time since last request: 400.998148 seconds.
  path: Assets/HyeongGeon/move.cs
  artifactKey: Guid(31db36184cadc7e48a0785fc185b4a7c) Importer(815301076,1909f56bfc062723c751e8b465ee728b)
Start importing Assets/HyeongGeon/move.cs using Guid(31db36184cadc7e48a0785fc185b4a7c) Importer(815301076,1909f56bfc062723c751e8b465ee728b)  -> (artifact id: '862e92be936eb04776eaf13e6261fd79') in 0.006897 seconds
  Import took 0.009697 seconds .

========================================================================
Received Prepare
Registering precompiled user dll's ...
Registered in 0.002505 seconds.
Begin MonoManager ReloadAssembly
Native extension for WindowsStandalone target not found
Refreshing native plugins compatible for Editor in 0.62 ms, found 4 plugins.
Preloading 1 native plugins for Editor in 0.06 ms.
Invoked RoslynAnalysisRunner static constructor.
RoslynAnalysisRunner will not be running.
RoslynAnalysisRunner has terminated.
Mono: successfully reloaded assembly
- Completed reload, in  0.722 seconds
Platform modules already initialized, skipping
Switching build target platform(5) subTarget(0) extendedPlatform(0) -> platform(13) subTarget(524293) extendedPlatform(0)
Shader 'Oculus/OVRMRCameraFrameLit': fallback shader 'Alpha-Diffuse' not found
Refreshing native plugins compatible for Editor in 0.59 ms, found 4 plugins.
Preloading 1 native plugins for Editor in 0.06 ms.
Unloading 1723 Unused Serialized files (Serialized files now loaded: 0)
System memory in use before: 108.5 MB.
System memory in use after: 108.1 MB.

Unloading 33 unused Assets to reduce memory usage. Loaded Objects now: 2256.
Total: 1.993800 ms (FindLiveObjects: 0.243700 ms CreateObjectMapping: 0.096800 ms MarkObjects: 1.274900 ms  DeleteObjects: 0.377500 ms)

AssetImportParameters requested are different than current active one (requested -> active):
  custom:graphics/normal-map-encoding: 01000000000000000000000000000000 -> 02000000000000000000000000000000
========================================================================
Received Prepare
Registering precompiled user dll's ...
Registered in 0.002665 seconds.
Begin MonoManager ReloadAssembly
Native extension for WindowsStandalone target not found
Refreshing native plugins compatible for Editor in 0.67 ms, found 4 plugins.
Preloading 1 native plugins for Editor in 0.07 ms.
Invoked RoslynAnalysisRunner static constructor.
RoslynAnalysisRunner will not be running.
RoslynAnalysisRunner has terminated.
Mono: successfully reloaded assembly
- Completed reload, in  0.786 seconds
Platform modules already initialized, skipping
Switching build target platform(5) subTarget(0) extendedPlatform(0) -> platform(13) subTarget(524293) extendedPlatform(0)
Shader 'Oculus/OVRMRCameraFrameLit': fallback shader 'Alpha-Diffuse' not found
Refreshing native plugins compatible for Editor in 0.59 ms, found 4 plugins.
Preloading 1 native plugins for Editor in 0.05 ms.
Unloading 1723 Unused Serialized files (Serialized files now loaded: 0)
System memory in use before: 108.5 MB.
System memory in use after: 108.1 MB.

Unloading 33 unused Assets to reduce memory usage. Loaded Objects now: 2260.
Total: 1.833200 ms (FindLiveObjects: 0.160900 ms CreateObjectMapping: 0.058000 ms MarkObjects: 1.245500 ms  DeleteObjects: 0.368000 ms)

AssetImportParameters requested are different than current active one (requested -> active):
  custom:graphics/normal-map-encoding: 01000000000000000000000000000000 -> 02000000000000000000000000000000
========================================================================
Received Prepare
Shader 'Oculus/OVRMRCameraFrameLit': fallback shader 'Alpha-Diffuse' not found
Refreshing native plugins compatible for Editor in 6.58 ms, found 4 plugins.
Preloading 1 native plugins for Editor in 0.05 ms.
Unloading 29 Unused Serialized files (Serialized files now loaded: 0)
System memory in use before: 75.9 MB.
System memory in use after: 75.5 MB.

Unloading 29 unused Assets to reduce memory usage. Loaded Objects now: 2260.
Total: 2.152300 ms (FindLiveObjects: 0.220700 ms CreateObjectMapping: 0.059300 ms MarkObjects: 1.406800 ms  DeleteObjects: 0.464500 ms)

AssetImportWorkerClient::OnTransportError - code=2 error=End of file
